<?xml version="1.0" encoding="UTF-8"?>
<!-- Generated by org.testng.reporters.JUnitReportReporter -->
<testsuite hostname="Dell2023" failures="0" tests="2" name="com.POM.PageObjectModel.TestPage" time="0.197" errors="0" timestamp="2024-04-18T15:46:37 CDT" skipped="0">
  <testcase classname="com.POM.PageObjectModel.TestPage" name="first_test" time="0.104"/>
  <testcase classname="com.POM.PageObjectModel.TestPage" name="second_test" time="0.093"/>
</testsuite> <!-- com.POM.PageObjectModel.TestPage -->
